<testsuite name="Test Suite Batch ID 543" tests="3" failures="1" skipped="0" errors="0">
<testcase name="tr_webservice_test" classname="basic.validations" package="test" time="">0.208<failure type="type" message="ERROR Found" /><system-out><![CDATA[2019/06/28 12:43:38 - Generate rows.0 - Finished processing (I=0, O=0, R=0, W=1, U=0, E=0)
2019/06/28 12:43:38 - Generate random value.0 - Finished processing (I=0, O=0, R=1, W=1, U=0, E=0)
2019/06/28 12:43:38 - Abort.0 - ERROR (version 8.2.0.5-625, build 8.2.0.5-625 from 2019-04-16 08.27.12 by buildguy) : Row nr 1 causing abort "Abort and log as an error": [2], [-234953394], [0]
2019/06/28 12:43:38 - Abort.0 - ERROR (version 8.2.0.5-625, build 8.2.0.5-625 from 2019-04-16 08.27.12 by buildguy) : Not able to connect to Webservice
2019/06/28 12:43:38 - remainder.0 - Finished processing (I=0, O=0, R=1, W=1, U=0, E=0)
2019/06/28 12:43:38 - Abort.0 - Finished processing (I=0, O=0, R=1, W=1, U=0, E=1)
2019/06/28 12:43:38 - tr_webservice_test - Transformation detected one or more steps with errors.
2019/06/28 12:43:38 - tr_webservice_test - Transformation is killing the other steps!
2019/06/28 12:43:38 - even int.0 - Finished processing (I=0, O=0, R=1, W=1, U=0, E=0)
]]></system-out></testcase>
<testcase name="jb_environment_test" classname="basic.validations" package="test" time="0.145"><system-out><![CDATA[2019/06/28 12:43:38 - jb_environment_test - Starting entry [jb_load_job_env]
2019/06/28 12:43:38 - jb_load_job_env - Using run configuration [Pentaho local]
2019/06/28 12:43:38 - jb_load_job_env - Starting entry [wtl-load_project_environment]
2019/06/28 12:43:38 - *** INFO: LOADING PROJECT AND JOB ENVIRONMENT *** -  
2019/06/28 12:43:38 - jb_load_job_env - Starting entry [sv-V_JOB_NAME]
2019/06/28 12:43:38 - jb_load_job_env - Starting entry [sv-framework]
2019/06/28 12:43:38 - jb_load_job_env - Starting entry [sv-common]
2019/06/28 12:43:38 - jb_load_job_env - Starting entry [sv-project]
2019/06/28 12:43:38 - jb_load_job_env - Starting entry [fe-job]
2019/06/28 12:43:38 - jb_load_job_env - Starting entry [Success]
2019/06/28 12:43:38 - jb_load_job_env - Finished job entry [Success] (result=[true])
2019/06/28 12:43:38 - jb_load_job_env - Finished job entry [fe-job] (result=[true])
2019/06/28 12:43:38 - jb_load_job_env - Finished job entry [sv-project] (result=[true])
2019/06/28 12:43:38 - jb_load_job_env - Finished job entry [sv-common] (result=[true])
2019/06/28 12:43:38 - jb_load_job_env - Finished job entry [sv-framework] (result=[true])
2019/06/28 12:43:38 - jb_load_job_env - Finished job entry [sv-V_JOB_NAME] (result=[true])
2019/06/28 12:43:38 - jb_load_job_env - Finished job entry [wtl-load_project_environment] (result=[true])
2019/06/28 12:43:38 - jb_environment_test - Starting entry [Check Db Connections]
2019/06/28 12:43:38 - jb_environment_test - Finished job entry [Check Db Connections] (result=[true])
2019/06/28 12:43:38 - jb_environment_test - Finished job entry [jb_load_job_env] (result=[true])
]]></system-out></testcase>
<testcase name="jb_main_sales_dwh_staging_test" classname="solution.validations" package="test" time="2.308"><system-out><![CDATA[2019/06/28 12:43:39 - jb_main_sales_dwh_staging_test - Starting entry [jb_main_sales_dwh_staging]
2019/06/28 12:43:39 - jb_main_sales_dwh_staging - Using run configuration [Pentaho local]
2019/06/28 12:43:39 - jb_launcher - Starting entry [wtl-execution_info]
2019/06/28 12:43:39 - *** INFO: STARTING JOB: P_PROJECT_NAME: sales_dwh, P_JOB_NAME: jb_main_sales_dwh_staging *** -  
2019/06/28 12:43:39 - jb_launcher - Starting entry [jb_load_job_env]
2019/06/28 12:43:39 - jb_load_job_env - Using run configuration [Pentaho local]
2019/06/28 12:43:39 - jb_load_job_env - Starting entry [wtl-load_project_environment]
2019/06/28 12:43:39 - *** INFO: LOADING PROJECT AND JOB ENVIRONMENT *** -  
2019/06/28 12:43:39 - jb_load_job_env - Starting entry [sv-V_JOB_NAME]
2019/06/28 12:43:39 - jb_load_job_env - Starting entry [sv-framework]
2019/06/28 12:43:39 - jb_load_job_env - Starting entry [sv-common]
2019/06/28 12:43:39 - jb_load_job_env - Starting entry [sv-project]
2019/06/28 12:43:39 - jb_load_job_env - Starting entry [fe-job]
2019/06/28 12:43:39 - jb_load_job_env - Starting entry [sv-job]
2019/06/28 12:43:39 - jb_load_job_env - Finished job entry [sv-job] (result=[true])
2019/06/28 12:43:39 - jb_load_job_env - Finished job entry [fe-job] (result=[true])
2019/06/28 12:43:39 - jb_load_job_env - Finished job entry [sv-project] (result=[true])
2019/06/28 12:43:39 - jb_load_job_env - Finished job entry [sv-common] (result=[true])
2019/06/28 12:43:39 - jb_load_job_env - Finished job entry [sv-framework] (result=[true])
2019/06/28 12:43:39 - jb_load_job_env - Finished job entry [sv-V_JOB_NAME] (result=[true])
2019/06/28 12:43:39 - jb_load_job_env - Finished job entry [wtl-load_project_environment] (result=[true])
2019/06/28 12:43:39 - jb_launcher - Starting entry [jb_execute_job]
2019/06/28 12:43:39 - jb_execute_job - Using run configuration [Pentaho local]
2019/06/28 12:43:39 - jb_main_sales_dwh_staging - Starting entry [tr_log_batch_id]
2019/06/28 12:43:39 - tr_log_batch_id - Using run configuration [Pentaho local]
2019/06/28 12:43:39 - tr_log_batch_id - Using legacy execution engine
2019/06/28 12:43:39 - gsysinfo.0 - Finished processing (I=0, O=0, R=1, W=1, U=0, E=0)
2019/06/28 12:43:39 - Set V_BATCH_ID and V_PID.0 - Setting environment variables...
2019/06/28 12:43:39 - Set V_BATCH_ID and V_PID.0 - Set variable V_BATCH_ID to value [549]
2019/06/28 12:43:39 - Set V_BATCH_ID and V_PID.0 - Set variable V_IP_ADDRESS to value [192.168.0.227]
2019/06/28 12:43:39 - Set V_BATCH_ID and V_PID.0 - Set variable V_HOSTNAME to value [C02XQ4JAJGH6]
2019/06/28 12:43:39 - Set V_BATCH_ID and V_PID.0 - Set variable V_PID to value [10387]
2019/06/28 12:43:39 - wtl_running_details.0 - 
2019/06/28 12:43:39 - wtl_running_details.0 - ------------> Linenr 1------------------------------
2019/06/28 12:43:39 - wtl_running_details.0 - *** INFO: JOB RUN DETAILS: ***
2019/06/28 12:43:39 - wtl_running_details.0 - 
2019/06/28 12:43:39 - wtl_running_details.0 - batch_id = 549
2019/06/28 12:43:39 - wtl_running_details.0 - hostname = C02XQ4JAJGH6
2019/06/28 12:43:39 - wtl_running_details.0 - ip_address = 192.168.0.227
2019/06/28 12:43:39 - wtl_running_details.0 - pid = 10387
2019/06/28 12:43:39 - wtl_running_details.0 - 
2019/06/28 12:43:39 - wtl_running_details.0 - ====================
2019/06/28 12:43:39 - Set V_BATCH_ID and V_PID.0 - Finished after 1 rows.
2019/06/28 12:43:39 - Set V_BATCH_ID and V_PID.0 - Finished processing (I=0, O=0, R=1, W=1, U=0, E=0)
2019/06/28 12:43:39 - wtl_running_details.0 - Finished processing (I=0, O=0, R=1, W=1, U=0, E=0)
2019/06/28 12:43:39 - jb_main_sales_dwh_staging - Starting entry [jb_job_start_actions]
2019/06/28 12:43:39 - jb_job_start_actions - Using run configuration [Pentaho local]
2019/06/28 12:43:39 - jb_job_start_actions - Starting entry [tr-job_start_check]
2019/06/28 12:43:39 - tr-job_start_check - Using run configuration [Pentaho local]
2019/06/28 12:43:39 - tr-job_start_check - Using legacy execution engine
2019/06/28 12:43:39 - ti-check_status.0 - Finished reading query, closing connection.
2019/06/28 12:43:39 - se-framework_variables.0 - Setting environment variables...
2019/06/28 12:43:39 - ti-check_status.0 - Finished processing (I=1, O=0, R=0, W=2, U=0, E=0)
2019/06/28 12:43:39 - se-framework_variables.0 - Set variable V_JOB_START_FLAG to value [Y]
2019/06/28 12:43:39 - se-framework_variables.0 - Set variable V_PREVIOUS_JOB_EXECUTION_STATUS to value [finished]
2019/06/28 12:43:39 - se-framework_variables.0 - Set variable V_PREVIOUS_JOB_BATCH_ID to value [537]
2019/06/28 12:43:39 - dtempty-job_start_check.0 - Finished processing (I=0, O=0, R=1, W=0, U=0, E=0)
2019/06/28 12:43:39 - sc-status.0 - Finished processing (I=0, O=0, R=1, W=1, U=0, E=0)
2019/06/28 12:43:39 - finished | error.0 - Finished processing (I=0, O=0, R=1, W=1, U=0, E=0)
2019/06/28 12:43:39 - start = yes.0 - Finished processing (I=0, O=0, R=1, W=1, U=0, E=0)
2019/06/28 12:43:39 - se-framework_variables.0 - Finished after 1 rows.
2019/06/28 12:43:39 - se-framework_variables.0 - Finished processing (I=0, O=0, R=1, W=1, U=0, E=0)
2019/06/28 12:43:39 - jb_job_start_actions - Starting entry [se-job_can_start]
2019/06/28 12:43:39 - jb_job_start_actions - Starting entry [tr_upd_job_control_job_running]
2019/06/28 12:43:39 - tr_upd_job_control_job_running - Using run configuration [Pentaho local]
2019/06/28 12:43:39 - tr_upd_job_control_job_running - Using legacy execution engine
2019/06/28 12:43:39 - gv-execution-variables.0 - Finished processing (I=0, O=0, R=1, W=1, U=0, E=0)
2019/06/28 12:43:39 - logtime.0 - Finished processing (I=0, O=0, R=1, W=1, U=0, E=0)
2019/06/28 12:43:39 - ac-job_control_checkpoint_and_project_name.0 - Finished processing (I=0, O=0, R=1, W=1, U=0, E=0)
2019/06/28 12:43:39 - sw-status.0 - Finished processing (I=0, O=0, R=1, W=1, U=0, E=0)
2019/06/28 12:43:39 - running.0 - Finished processing (I=0, O=0, R=1, W=1, U=0, E=0)
2019/06/28 12:43:39 - iu-job_control.0 - Finished processing (I=1, O=0, R=1, W=1, U=1, E=0)
2019/06/28 12:43:39 - jb_job_start_actions - Starting entry [Success]
2019/06/28 12:43:39 - jb_job_start_actions - Finished job entry [Success] (result=[true])
2019/06/28 12:43:39 - jb_job_start_actions - Finished job entry [tr_upd_job_control_job_running] (result=[true])
2019/06/28 12:43:39 - jb_job_start_actions - Finished job entry [se-job_can_start] (result=[true])
2019/06/28 12:43:39 - jb_job_start_actions - Finished job entry [tr-job_start_check] (result=[true])
2019/06/28 12:43:39 - jb_main_sales_dwh_staging - Starting entry [jb_load_work_unit-tr_stg_product]
2019/06/28 12:43:39 - jb_load_work_unit-tr_stg_product - Using run configuration [Pentaho local]
2019/06/28 12:43:39 - jb_work_unit - Starting entry [wtl_work_unit_conditions]
2019/06/28 12:43:39 - *** INFO: STARTING WORK UNIT:  tr_stg_product *** - P_PROJECT_NAME: sales_dwh
2019/06/28 12:43:39 - *** INFO: STARTING WORK UNIT:  tr_stg_product *** - V_JOB_NAME: jb_main_sales_dwh_staging
2019/06/28 12:43:39 - *** INFO: STARTING WORK UNIT:  tr_stg_product *** - P_WORK_UNIT_NAME: tr_stg_product
2019/06/28 12:43:39 - *** INFO: STARTING WORK UNIT:  tr_stg_product *** - P_WORK_UNIT_TYPE: transformation
2019/06/28 12:43:39 - *** INFO: STARTING WORK UNIT:  tr_stg_product *** - P_WORK_UNIT_PATH: staging
2019/06/28 12:43:39 - *** INFO: STARTING WORK UNIT:  tr_stg_product *** - P_IS_LAST_UNIT: N
2019/06/28 12:43:39 - *** INFO: STARTING WORK UNIT:  tr_stg_product *** - P_CHECK_START: Y
2019/06/28 12:43:39 - jb_work_unit - Starting entry [jb_load_work_unit_env]
2019/06/28 12:43:39 - jb_load_work_unit_env - Using run configuration [Pentaho local]
2019/06/28 12:43:39 - jb_load_work_unit_env - Starting entry [wtl-work_unit_environment]
2019/06/28 12:43:39 - *** INFO: LOADING WORK UNIT ENVIRONMENT FOR tr_stg_product -  
2019/06/28 12:43:39 - jb_load_work_unit_env - Starting entry [fe-project]
2019/06/28 12:43:39 - jb_load_work_unit_env - Starting entry [fe-work_unit]
2019/06/28 12:43:39 - jb_load_work_unit_env - Starting entry [Success]
2019/06/28 12:43:39 - jb_load_work_unit_env - Finished job entry [Success] (result=[true])
2019/06/28 12:43:39 - jb_load_work_unit_env - Finished job entry [fe-work_unit] (result=[true])
2019/06/28 12:43:39 - jb_load_work_unit_env - Finished job entry [fe-project] (result=[true])
2019/06/28 12:43:39 - jb_load_work_unit_env - Finished job entry [wtl-work_unit_environment] (result=[true])
2019/06/28 12:43:39 - jb_work_unit - Starting entry [se-check_start?]
2019/06/28 12:43:39 - jb_work_unit - Starting entry [tr_work_unit_start_check]
2019/06/28 12:43:39 - tr_work_unit_start_check - Using run configuration [Pentaho local]
2019/06/28 12:43:39 - tr_work_unit_start_check - Using legacy execution engine
2019/06/28 12:43:39 - ti-check-status.0 - Finished reading query, closing connection.
2019/06/28 12:43:39 - ti-check-status.0 - Finished processing (I=1, O=0, R=0, W=2, U=0, E=0)
2019/06/28 12:43:39 - dtempty-work_unit_start_check.0 - Finished processing (I=0, O=0, R=1, W=0, U=0, E=0)
2019/06/28 12:43:39 - sc-status.0 - Finished processing (I=0, O=0, R=1, W=1, U=0, E=0)
2019/06/28 12:43:39 - se_V_WORK_UNIT_START_FLAG.0 - Setting environment variables...
2019/06/28 12:43:39 - se_V_WORK_UNIT_START_FLAG.0 - Set variable V_WORK_UNIT_START_FLAG to value [Y]
2019/06/28 12:43:39 - se_V_WORK_UNIT_START_FLAG.0 - Set variable V_PREVIOUS_WORK_UNIT_EXECUTION_STATUS to value [finished]
2019/06/28 12:43:39 - finished.0 - Finished processing (I=0, O=0, R=1, W=1, U=0, E=0)
2019/06/28 12:43:39 - start = yes.0 - Finished processing (I=0, O=0, R=1, W=1, U=0, E=0)
2019/06/28 12:43:39 - se_V_WORK_UNIT_START_FLAG.0 - Finished after 1 rows.
2019/06/28 12:43:39 - se_V_WORK_UNIT_START_FLAG.0 - Finished processing (I=0, O=0, R=1, W=1, U=0, E=0)
2019/06/28 12:43:39 - jb_work_unit - Starting entry [se-start]
2019/06/28 12:43:39 - jb_work_unit - Starting entry [wrt-start-execution_check]
2019/06/28 12:43:39 - *** INFO: EXECUTION STARTED - START CHECK PERFORMED *** -  
2019/06/28 12:43:39 - jb_work_unit - Starting entry [tr_upd_job_control_work_unit_running]
2019/06/28 12:43:39 - tr_upd_job_control_work_unit_running - Using run configuration [Pentaho local]
2019/06/28 12:43:39 - tr_upd_job_control_work_unit_running - Using legacy execution engine
2019/06/28 12:43:39 - gv-execution-variables.0 - Finished processing (I=0, O=0, R=1, W=1, U=0, E=0)
2019/06/28 12:43:39 - logtime.0 - Finished processing (I=0, O=0, R=1, W=1, U=0, E=0)
2019/06/28 12:43:39 - sw_status.0 - Finished processing (I=0, O=0, R=1, W=1, U=0, E=0)
2019/06/28 12:43:39 - start.0 - Finished processing (I=0, O=0, R=1, W=1, U=0, E=0)
2019/06/28 12:43:39 - iu-start_job_control.0 - Finished processing (I=1, O=0, R=1, W=1, U=1, E=0)
2019/06/28 12:43:39 - jb_work_unit - Starting entry [se-is-job?]
2019/06/28 12:43:39 - jb_work_unit - Starting entry [tr-execute-transformation]
2019/06/28 12:43:39 - tr-execute-transformation - Using run configuration [Pentaho local]
2019/06/28 12:43:39 - tr-execute-transformation - Using legacy execution engine
2019/06/28 12:43:39 - stg_product.0 - Connected to database [sales_dwh] (commit=1000)
2019/06/28 12:43:40 - create table stg_product.0 - Finished reading query, closing connection.
2019/06/28 12:43:40 - create table stg_product.0 - Finished processing (I=0, O=0, R=0, W=1, U=0, E=0)
2019/06/28 12:43:40 - products.csv.0 - Header row skipped in file '/Users/bepraymaekers/Documents/GitHub//sales_dwh/file-mgmt\input\products.csv'
2019/06/28 12:43:40 - products.csv.0 - Finished processing (I=110, O=0, R=0, W=109, U=0, E=0)
2019/06/28 12:43:40 - V_BATCH_ID.0 - Finished processing (I=0, O=0, R=109, W=109, U=0, E=0)
2019/06/28 12:43:40 - stg_product.0 - Finished processing (I=0, O=109, R=109, W=109, U=0, E=0)
2019/06/28 12:43:40 - tr_stg_product - All transaction of database connection 'sales_dwh' where committed at the end of the transformation.
2019/06/28 12:43:40 - jb_work_unit - Starting entry [tr_upd_job_control_work_unit_success]
2019/06/28 12:43:40 - tr_upd_job_control_work_unit_success - Using run configuration [Pentaho local]
2019/06/28 12:43:40 - tr_upd_job_control_work_unit_success - Using legacy execution engine
2019/06/28 12:43:40 - gv-execution-variables.0 - Finished processing (I=0, O=0, R=1, W=1, U=0, E=0)
2019/06/28 12:43:40 - logtime.0 - Finished processing (I=0, O=0, R=1, W=1, U=0, E=0)
2019/06/28 12:43:40 - sw_status.0 - Finished processing (I=0, O=0, R=1, W=1, U=0, E=0)
2019/06/28 12:43:40 - success_error.0 - Finished processing (I=0, O=0, R=1, W=1, U=0, E=0)
2019/06/28 12:43:40 - u_job_control.0 - Finished processing (I=1, O=0, R=1, W=1, U=1, E=0)
2019/06/28 12:43:40 - jb_work_unit - Starting entry [se_is_last_unit]
2019/06/28 12:43:40 - jb_work_unit - Starting entry [Success]
2019/06/28 12:43:40 - jb_work_unit - Finished job entry [Success] (result=[true])
2019/06/28 12:43:40 - jb_work_unit - Finished job entry [se_is_last_unit] (result=[true])
2019/06/28 12:43:40 - jb_work_unit - Finished job entry [tr_upd_job_control_work_unit_success] (result=[true])
2019/06/28 12:43:40 - jb_work_unit - Finished job entry [tr-execute-transformation] (result=[true])
2019/06/28 12:43:40 - jb_work_unit - Finished job entry [se-is-job?] (result=[true])
2019/06/28 12:43:40 - jb_work_unit - Finished job entry [tr_upd_job_control_work_unit_running] (result=[true])
2019/06/28 12:43:40 - jb_work_unit - Finished job entry [wrt-start-execution_check] (result=[true])
2019/06/28 12:43:40 - jb_work_unit - Finished job entry [se-start] (result=[true])
2019/06/28 12:43:40 - jb_work_unit - Finished job entry [tr_work_unit_start_check] (result=[true])
2019/06/28 12:43:40 - jb_work_unit - Finished job entry [se-check_start?] (result=[true])
2019/06/28 12:43:40 - jb_work_unit - Finished job entry [jb_load_work_unit_env] (result=[true])
2019/06/28 12:43:40 - jb_work_unit - Finished job entry [wtl_work_unit_conditions] (result=[true])
2019/06/28 12:43:40 - jb_main_sales_dwh_staging - Starting entry [jb_load_work_unit-tr_stg_customer]
2019/06/28 12:43:40 - jb_load_work_unit-tr_stg_customer - Using run configuration [Pentaho local]
2019/06/28 12:43:40 - jb_work_unit - Starting entry [wtl_work_unit_conditions]
2019/06/28 12:43:40 - *** INFO: STARTING WORK UNIT:  tr_stg_customer *** - P_PROJECT_NAME: sales_dwh
2019/06/28 12:43:40 - *** INFO: STARTING WORK UNIT:  tr_stg_customer *** - V_JOB_NAME: jb_main_sales_dwh_staging
2019/06/28 12:43:40 - *** INFO: STARTING WORK UNIT:  tr_stg_customer *** - P_WORK_UNIT_NAME: tr_stg_customer
2019/06/28 12:43:40 - *** INFO: STARTING WORK UNIT:  tr_stg_customer *** - P_WORK_UNIT_TYPE: transformation
2019/06/28 12:43:40 - *** INFO: STARTING WORK UNIT:  tr_stg_customer *** - P_WORK_UNIT_PATH: staging
2019/06/28 12:43:40 - *** INFO: STARTING WORK UNIT:  tr_stg_customer *** - P_IS_LAST_UNIT: Y
2019/06/28 12:43:40 - *** INFO: STARTING WORK UNIT:  tr_stg_customer *** - P_CHECK_START: Y
2019/06/28 12:43:40 - jb_work_unit - Starting entry [jb_load_work_unit_env]
2019/06/28 12:43:40 - jb_load_work_unit_env - Using run configuration [Pentaho local]
2019/06/28 12:43:40 - jb_load_work_unit_env - Starting entry [wtl-work_unit_environment]
2019/06/28 12:43:40 - *** INFO: LOADING WORK UNIT ENVIRONMENT FOR tr_stg_customer -  
2019/06/28 12:43:40 - jb_load_work_unit_env - Starting entry [fe-project]
2019/06/28 12:43:40 - jb_load_work_unit_env - Starting entry [fe-work_unit]
2019/06/28 12:43:40 - jb_load_work_unit_env - Starting entry [Success]
2019/06/28 12:43:40 - jb_load_work_unit_env - Finished job entry [Success] (result=[true])
2019/06/28 12:43:40 - jb_load_work_unit_env - Finished job entry [fe-work_unit] (result=[true])
2019/06/28 12:43:40 - jb_load_work_unit_env - Finished job entry [fe-project] (result=[true])
2019/06/28 12:43:40 - jb_load_work_unit_env - Finished job entry [wtl-work_unit_environment] (result=[true])
2019/06/28 12:43:40 - jb_work_unit - Starting entry [se-check_start?]
2019/06/28 12:43:40 - jb_work_unit - Starting entry [tr_work_unit_start_check]
2019/06/28 12:43:40 - tr_work_unit_start_check - Using run configuration [Pentaho local]
2019/06/28 12:43:40 - tr_work_unit_start_check - Using legacy execution engine
2019/06/28 12:43:40 - ti-check-status.0 - Finished reading query, closing connection.
2019/06/28 12:43:40 - ti-check-status.0 - Finished processing (I=1, O=0, R=0, W=2, U=0, E=0)
2019/06/28 12:43:40 - dtempty-work_unit_start_check.0 - Finished processing (I=0, O=0, R=1, W=0, U=0, E=0)
2019/06/28 12:43:40 - sc-status.0 - Finished processing (I=0, O=0, R=1, W=1, U=0, E=0)
2019/06/28 12:43:40 - se_V_WORK_UNIT_START_FLAG.0 - Setting environment variables...
2019/06/28 12:43:40 - se_V_WORK_UNIT_START_FLAG.0 - Set variable V_WORK_UNIT_START_FLAG to value [Y]
2019/06/28 12:43:40 - se_V_WORK_UNIT_START_FLAG.0 - Set variable V_PREVIOUS_WORK_UNIT_EXECUTION_STATUS to value [finished]
2019/06/28 12:43:40 - finished.0 - Finished processing (I=0, O=0, R=1, W=1, U=0, E=0)
2019/06/28 12:43:40 - start = yes.0 - Finished processing (I=0, O=0, R=1, W=1, U=0, E=0)
2019/06/28 12:43:40 - se_V_WORK_UNIT_START_FLAG.0 - Finished after 1 rows.
2019/06/28 12:43:40 - se_V_WORK_UNIT_START_FLAG.0 - Finished processing (I=0, O=0, R=1, W=1, U=0, E=0)
2019/06/28 12:43:40 - jb_work_unit - Starting entry [se-start]
2019/06/28 12:43:40 - jb_work_unit - Starting entry [wrt-start-execution_check]
2019/06/28 12:43:40 - *** INFO: EXECUTION STARTED - START CHECK PERFORMED *** -  
2019/06/28 12:43:40 - jb_work_unit - Starting entry [tr_upd_job_control_work_unit_running]
2019/06/28 12:43:40 - tr_upd_job_control_work_unit_running - Using run configuration [Pentaho local]
2019/06/28 12:43:40 - tr_upd_job_control_work_unit_running - Using legacy execution engine
2019/06/28 12:43:40 - gv-execution-variables.0 - Finished processing (I=0, O=0, R=1, W=1, U=0, E=0)
2019/06/28 12:43:40 - logtime.0 - Finished processing (I=0, O=0, R=1, W=1, U=0, E=0)
2019/06/28 12:43:40 - sw_status.0 - Finished processing (I=0, O=0, R=1, W=1, U=0, E=0)
2019/06/28 12:43:40 - start.0 - Finished processing (I=0, O=0, R=1, W=1, U=0, E=0)
2019/06/28 12:43:40 - iu-start_job_control.0 - Finished processing (I=1, O=0, R=1, W=1, U=1, E=0)
2019/06/28 12:43:40 - jb_work_unit - Starting entry [se-is-job?]
2019/06/28 12:43:40 - jb_work_unit - Starting entry [tr-execute-transformation]
2019/06/28 12:43:40 - tr-execute-transformation - Using run configuration [Pentaho local]
2019/06/28 12:43:40 - tr-execute-transformation - Using legacy execution engine
2019/06/28 12:43:40 - stg_customer.0 - Connected to database [sales_dwh] (commit=1000)
2019/06/28 12:43:40 - create table stg_customer.0 - Finished reading query, closing connection.
2019/06/28 12:43:40 - create table stg_customer.0 - Finished processing (I=0, O=0, R=0, W=1, U=0, E=0)
2019/06/28 12:43:40 - customers.csv.0 - Header row skipped in file '/Users/bepraymaekers/Documents/GitHub//sales_dwh/file-mgmt\input\customers.csv'
2019/06/28 12:43:40 - customers.csv.0 - Finished processing (I=101, O=0, R=0, W=100, U=0, E=0)
2019/06/28 12:43:40 - V_BATCH_ID.0 - Finished processing (I=0, O=0, R=100, W=100, U=0, E=0)
2019/06/28 12:43:40 - stg_customer.0 - Finished processing (I=0, O=100, R=100, W=100, U=0, E=0)
2019/06/28 12:43:40 - tr_stg_customer - All transaction of database connection 'sales_dwh' where committed at the end of the transformation.
2019/06/28 12:43:40 - jb_work_unit - Starting entry [tr_upd_job_control_work_unit_success]
2019/06/28 12:43:40 - tr_upd_job_control_work_unit_success - Using run configuration [Pentaho local]
2019/06/28 12:43:40 - tr_upd_job_control_work_unit_success - Using legacy execution engine
2019/06/28 12:43:40 - gv-execution-variables.0 - Finished processing (I=0, O=0, R=1, W=1, U=0, E=0)
2019/06/28 12:43:40 - logtime.0 - Finished processing (I=0, O=0, R=1, W=1, U=0, E=0)
2019/06/28 12:43:40 - sw_status.0 - Finished processing (I=0, O=0, R=1, W=1, U=0, E=0)
2019/06/28 12:43:40 - success_error.0 - Finished processing (I=0, O=0, R=1, W=1, U=0, E=0)
2019/06/28 12:43:40 - u_job_control.0 - Finished processing (I=1, O=0, R=1, W=1, U=1, E=0)
2019/06/28 12:43:40 - jb_work_unit - Starting entry [se_is_last_unit]
2019/06/28 12:43:40 - jb_work_unit - Starting entry [wrt-job-execution-finished]
2019/06/28 12:43:40 - *** INFO: JOB FINISHED: jb_main_sales_dwh_staging *** -  
2019/06/28 12:43:40 - jb_work_unit - Starting entry [tr_upd_job_control_work_unit_finished]
2019/06/28 12:43:40 - tr_upd_job_control_work_unit_finished - Using run configuration [Pentaho local]
2019/06/28 12:43:40 - tr_upd_job_control_work_unit_finished - Using legacy execution engine
2019/06/28 12:43:40 - gv-execution-variables.0 - Finished processing (I=0, O=0, R=1, W=1, U=0, E=0)
2019/06/28 12:43:40 - logtime.0 - Finished processing (I=0, O=0, R=1, W=1, U=0, E=0)
2019/06/28 12:43:40 - sw_status.0 - Finished processing (I=0, O=0, R=1, W=1, U=0, E=0)
2019/06/28 12:43:40 - finished.0 - Finished processing (I=0, O=0, R=1, W=1, U=0, E=0)
2019/06/28 12:43:40 - ac-framework_checkpoint.0 - Finished processing (I=0, O=0, R=1, W=1, U=0, E=0)
2019/06/28 12:43:40 - up_work_units_finished.0 - Finished processing (I=1, O=0, R=1, W=1, U=1, E=0)
2019/06/28 12:43:40 - jb_work_unit - Starting entry [tr_upd_job_control_finished]
2019/06/28 12:43:40 - tr_upd_job_control_finished - Using run configuration [Pentaho local]
2019/06/28 12:43:40 - tr_upd_job_control_finished - Using legacy execution engine
2019/06/28 12:43:40 - gv-execution-variables.0 - Finished processing (I=0, O=0, R=1, W=1, U=0, E=0)
2019/06/28 12:43:40 - logtime.0 - Finished processing (I=0, O=0, R=1, W=1, U=0, E=0)
2019/06/28 12:43:40 - ac-job_control_checkpoint_and_project_name.0 - Finished processing (I=0, O=0, R=1, W=1, U=0, E=0)
2019/06/28 12:43:40 - sw-status.0 - Finished processing (I=0, O=0, R=1, W=1, U=0, E=0)
2019/06/28 12:43:40 - finished.0 - Finished processing (I=0, O=0, R=1, W=1, U=0, E=0)
2019/06/28 12:43:40 - u-job_control_finished.0 - Finished processing (I=1, O=0, R=1, W=1, U=1, E=0)
2019/06/28 12:43:40 - jb_work_unit - Starting entry [Success]
2019/06/28 12:43:40 - jb_work_unit - Finished job entry [Success] (result=[true])
2019/06/28 12:43:40 - jb_work_unit - Finished job entry [tr_upd_job_control_finished] (result=[true])
2019/06/28 12:43:40 - jb_work_unit - Finished job entry [tr_upd_job_control_work_unit_finished] (result=[true])
2019/06/28 12:43:40 - jb_work_unit - Finished job entry [wrt-job-execution-finished] (result=[true])
2019/06/28 12:43:40 - jb_work_unit - Finished job entry [se_is_last_unit] (result=[true])
2019/06/28 12:43:40 - jb_work_unit - Finished job entry [tr_upd_job_control_work_unit_success] (result=[true])
2019/06/28 12:43:40 - jb_work_unit - Finished job entry [tr-execute-transformation] (result=[true])
2019/06/28 12:43:40 - jb_work_unit - Finished job entry [se-is-job?] (result=[true])
2019/06/28 12:43:40 - jb_work_unit - Finished job entry [tr_upd_job_control_work_unit_running] (result=[true])
2019/06/28 12:43:40 - jb_work_unit - Finished job entry [wrt-start-execution_check] (result=[true])
2019/06/28 12:43:40 - jb_work_unit - Finished job entry [se-start] (result=[true])
2019/06/28 12:43:40 - jb_work_unit - Finished job entry [tr_work_unit_start_check] (result=[true])
2019/06/28 12:43:40 - jb_work_unit - Finished job entry [se-check_start?] (result=[true])
2019/06/28 12:43:40 - jb_work_unit - Finished job entry [jb_load_work_unit_env] (result=[true])
2019/06/28 12:43:40 - jb_work_unit - Finished job entry [wtl_work_unit_conditions] (result=[true])
2019/06/28 12:43:40 - jb_main_sales_dwh_staging - Finished job entry [jb_load_work_unit-tr_stg_customer] (result=[true])
2019/06/28 12:43:40 - jb_main_sales_dwh_staging - Finished job entry [jb_load_work_unit-tr_stg_product] (result=[true])
2019/06/28 12:43:40 - jb_main_sales_dwh_staging - Finished job entry [jb_job_start_actions] (result=[true])
2019/06/28 12:43:40 - jb_main_sales_dwh_staging - Finished job entry [tr_log_batch_id] (result=[true])
2019/06/28 12:43:41 - jb_launcher - Starting entry [Success]
2019/06/28 12:43:41 - jb_launcher - Finished job entry [Success] (result=[true])
2019/06/28 12:43:41 - jb_launcher - Finished job entry [jb_execute_job] (result=[true])
2019/06/28 12:43:41 - jb_launcher - Finished job entry [jb_load_job_env] (result=[true])
2019/06/28 12:43:41 - jb_launcher - Finished job entry [wtl-execution_info] (result=[true])
2019/06/28 12:43:41 - jb_main_sales_dwh_staging_test - Starting entry [Evaluate # rows stg_product]
2019/06/28 12:43:41 - jb_main_sales_dwh_staging_test - Starting entry [Evaluate # rows stg_customer]
2019/06/28 12:43:41 - jb_main_sales_dwh_staging_test - Starting entry [Success]
2019/06/28 12:43:41 - jb_main_sales_dwh_staging_test - Finished job entry [Success] (result=[true])
2019/06/28 12:43:41 - jb_main_sales_dwh_staging_test - Finished job entry [Evaluate # rows stg_customer] (result=[true])
2019/06/28 12:43:41 - jb_main_sales_dwh_staging_test - Finished job entry [Evaluate # rows stg_product] (result=[true])
2019/06/28 12:43:41 - jb_main_sales_dwh_staging_test - Finished job entry [jb_main_sales_dwh_staging] (result=[true])
]]></system-out></testcase>
</testsuite>
